# JRE version: OpenJDK Runtime Environment (8.0_242-b01) (build 1.8.0_242-release-1644-b01)
# Java VM: OpenJDK 64-Bit Server VM (25.242-b01 mixed mode windows-amd64 compressed oops)
Heap:
 PSYoungGen      total 342528K, used 165295K [0x00000000d5580000, 0x00000000ee680000, 0x0000000100000000)
  eden space 310784K, 42% used [0x00000000d5580000,0x00000000dd7f18d8,0x00000000e8500000)
  from space 31744K, 99% used [0x00000000ead00000,0x00000000ecbfa658,0x00000000ecc00000)
  to   space 40960K, 0% used [0x00000000e8500000,0x00000000e8500000,0x00000000ead00000)
 ParOldGen       total 499200K, used 51870K [0x0000000080000000, 0x000000009e780000, 0x00000000d5580000)
  object space 499200K, 10% used [0x0000000080000000,0x00000000832a7908,0x000000009e780000)
 Metaspace       used 82739K, capacity 87704K, committed 87808K, reserved 1124352K
  class space    used 11368K, capacity 12283K, committed 12288K, reserved 1048576K
GC Heap History (10 events):
Event: 5.174 GC heap before
{Heap before GC invocations=7 (full 2):
 PSYoungGen      total 207360K, used 186368K [0x00000000d5580000, 0x00000000e4200000, 0x0000000100000000)
  eden space 186368K, 100% used [0x00000000d5580000,0x00000000e0b80000,0x00000000e0b80000)
  from space 20992K, 0% used [0x00000000e2000000,0x00000000e2000000,0x00000000e3480000)
  to   space 20992K, 0% used [0x00000000e0b80000,0x00000000e0b80000,0x00000000e2000000)
 ParOldGen       total 330240K, used 14802K [0x0000000080000000, 0x0000000094280000, 0x00000000d5580000)
  object space 330240K, 4% used [0x0000000080000000,0x0000000080e74a28,0x0000000094280000)
 Metaspace       used 45752K, capacity 47770K, committed 48128K, reserved 1091584K
  class space    used 6174K, capacity 6589K, committed 6656K, reserved 1048576K
Event: 5.184 GC heap after
Heap after GC invocations=7 (full 2):
 PSYoungGen      total 207360K, used 17305K [0x00000000d5580000, 0x00000000e7b80000, 0x0000000100000000)
  eden space 186368K, 0% used [0x00000000d5580000,0x00000000d5580000,0x00000000e0b80000)
  from space 20992K, 82% used [0x00000000e0b80000,0x00000000e1c665c8,0x00000000e2000000)
  to   space 19968K, 0% used [0x00000000e6800000,0x00000000e6800000,0x00000000e7b80000)
 ParOldGen       total 330240K, used 14810K [0x0000000080000000, 0x0000000094280000, 0x00000000d5580000)
  object space 330240K, 4% used [0x0000000080000000,0x0000000080e76a28,0x0000000094280000)
 Metaspace       used 45752K, capacity 47770K, committed 48128K, reserved 1091584K
  class space    used 6174K, capacity 6589K, committed 6656K, reserved 1048576K
}
Event: 6.563 GC heap before
{Heap before GC invocations=8 (full 2):
 PSYoungGen      total 207360K, used 198815K [0x00000000d5580000, 0x00000000e7b80000, 0x0000000100000000)
  eden space 186368K, 97% used [0x00000000d5580000,0x00000000e06c1670,0x00000000e0b80000)
  from space 20992K, 82% used [0x00000000e0b80000,0x00000000e1c665c8,0x00000000e2000000)
  to   space 19968K, 0% used [0x00000000e6800000,0x00000000e6800000,0x00000000e7b80000)
 ParOldGen       total 330240K, used 14810K [0x0000000080000000, 0x0000000094280000, 0x00000000d5580000)
  object space 330240K, 4% used [0x0000000080000000,0x0000000080e76a28,0x0000000094280000)
 Metaspace       used 56468K, capacity 58908K, committed 59008K, reserved 1099776K
  class space    used 7687K, capacity 8229K, committed 8320K, reserved 1048576K
Event: 6.578 GC heap after
Heap after GC invocations=8 (full 2):
 PSYoungGen      total 272896K, used 19948K [0x00000000d5580000, 0x00000000e8b80000, 0x0000000100000000)
  eden space 252928K, 0% used [0x00000000d5580000,0x00000000d5580000,0x00000000e4c80000)
  from space 19968K, 99% used [0x00000000e6800000,0x00000000e7b7b340,0x00000000e7b80000)
  to   space 28160K, 0% used [0x00000000e4c80000,0x00000000e4c80000,0x00000000e6800000)
 ParOldGen       total 330240K, used 24164K [0x0000000080000000, 0x0000000094280000, 0x00000000d5580000)
  object space 330240K, 7% used [0x0000000080000000,0x00000000817993c8,0x0000000094280000)
 Metaspace       used 56468K, capacity 58908K, committed 59008K, reserved 1099776K
  class space    used 7687K, capacity 8229K, committed 8320K, reserved 1048576K
}
Event: 6.578 GC heap before
{Heap before GC invocations=9 (full 3):
 PSYoungGen      total 272896K, used 19948K [0x00000000d5580000, 0x00000000e8b80000, 0x0000000100000000)
  eden space 252928K, 0% used [0x00000000d5580000,0x00000000d5580000,0x00000000e4c80000)
  from space 19968K, 99% used [0x00000000e6800000,0x00000000e7b7b340,0x00000000e7b80000)
  to   space 28160K, 0% used [0x00000000e4c80000,0x00000000e4c80000,0x00000000e6800000)
 ParOldGen       total 330240K, used 24164K [0x0000000080000000, 0x0000000094280000, 0x00000000d5580000)
  object space 330240K, 7% used [0x0000000080000000,0x00000000817993c8,0x0000000094280000)
 Metaspace       used 56468K, capacity 58908K, committed 59008K, reserved 1099776K
  class space    used 7687K, capacity 8229K, committed 8320K, reserved 1048576K
Event: 6.727 GC heap after
Heap after GC invocations=9 (full 3):
 PSYoungGen      total 272896K, used 0K [0x00000000d5580000, 0x00000000e8b80000, 0x0000000100000000)
  eden space 252928K, 0% used [0x00000000d5580000,0x00000000d5580000,0x00000000e4c80000)
  from space 19968K, 0% used [0x00000000e6800000,0x00000000e6800000,0x00000000e7b80000)
  to   space 28160K, 0% used [0x00000000e4c80000,0x00000000e4c80000,0x00000000e6800000)
 ParOldGen       total 499200K, used 41136K [0x0000000080000000, 0x000000009e780000, 0x00000000d5580000)
  object space 499200K, 8% used [0x0000000080000000,0x000000008282c320,0x000000009e780000)
 Metaspace       used 56372K, capacity 58584K, committed 59008K, reserved 1099776K
  class space    used 7658K, capacity 8175K, committed 8320K, reserved 1048576K
}
Event: 8.530 GC heap before
{Heap before GC invocations=10 (full 3):
 PSYoungGen      total 272896K, used 252928K [0x00000000d5580000, 0x00000000e8b80000, 0x0000000100000000)
  eden space 252928K, 100% used [0x00000000d5580000,0x00000000e4c80000,0x00000000e4c80000)
  from space 19968K, 0% used [0x00000000e6800000,0x00000000e6800000,0x00000000e7b80000)
  to   space 28160K, 0% used [0x00000000e4c80000,0x00000000e4c80000,0x00000000e6800000)
 ParOldGen       total 499200K, used 41136K [0x0000000080000000, 0x000000009e780000, 0x00000000d5580000)
  object space 499200K, 8% used [0x0000000080000000,0x000000008282c320,0x000000009e780000)
 Metaspace       used 66135K, capacity 69816K, committed 70144K, reserved 1110016K
  class space    used 9171K, capacity 9896K, committed 9984K, reserved 1048576K
Event: 8.545 GC heap after
Heap after GC invocations=10 (full 3):
 PSYoungGen      total 281088K, used 25753K [0x00000000d5580000, 0x00000000ecc00000, 0x0000000100000000)
  eden space 252928K, 0% used [0x00000000d5580000,0x00000000d5580000,0x00000000e4c80000)
  from space 28160K, 91% used [0x00000000e4c80000,0x00000000e65a64d8,0x00000000e6800000)
  to   space 31744K, 0% used [0x00000000ead00000,0x00000000ead00000,0x00000000ecc00000)
 ParOldGen       total 499200K, used 41144K [0x0000000080000000, 0x000000009e780000, 0x00000000d5580000)
  object space 499200K, 8% used [0x0000000080000000,0x000000008282e320,0x000000009e780000)
 Metaspace       used 66135K, capacity 69816K, committed 70144K, reserved 1110016K
  class space    used 9171K, capacity 9896K, committed 9984K, reserved 1048576K
}
Event: 10.146 GC heap before
{Heap before GC invocations=11 (full 3):
 PSYoungGen      total 281088K, used 278681K [0x00000000d5580000, 0x00000000ecc00000, 0x0000000100000000)
  eden space 252928K, 100% used [0x00000000d5580000,0x00000000e4c80000,0x00000000e4c80000)
  from space 28160K, 91% used [0x00000000e4c80000,0x00000000e65a64d8,0x00000000e6800000)
  to   space 31744K, 0% used [0x00000000ead00000,0x00000000ead00000,0x00000000ecc00000)
 ParOldGen       total 499200K, used 41144K [0x0000000080000000, 0x000000009e780000, 0x00000000d5580000)
  object space 499200K, 8% used [0x0000000080000000,0x000000008282e320,0x000000009e780000)
 Metaspace       used 73527K, capacity 77644K, committed 77696K, reserved 1116160K
  class space    used 10056K, capacity 10863K, committed 10880K, reserved 1048576K
Event: 10.173 GC heap after
Heap after GC invocations=11 (full 3):
 PSYoungGen      total 342528K, used 31721K [0x00000000d5580000, 0x00000000ee680000, 0x0000000100000000)
  eden space 310784K, 0% used [0x00000000d5580000,0x00000000d5580000,0x00000000e8500000)
  from space 31744K, 99% used [0x00000000ead00000,0x00000000ecbfa658,0x00000000ecc00000)
  to   space 40960K, 0% used [0x00000000e8500000,0x00000000e8500000,0x00000000ead00000)
 ParOldGen       total 499200K, used 51870K [0x0000000080000000, 0x000000009e780000, 0x00000000d5580000)
  object space 499200K, 10% used [0x0000000080000000,0x00000000832a7908,0x000000009e780000)
 Metaspace       used 73527K, capacity 77644K, committed 77696K, reserved 1116160K
  class space    used 10056K, capacity 10863K, committed 10880K, reserved 1048576K
}

